C:\USERS\NIKOLAEV S\DOCUMENTS\VISUAL STUDIO 2012\PROJECTS\WINCOMPORT\WINCOMPORT\DEBUG\VC110.PDB
C:\USERS\NIKOLAEV S\DOCUMENTS\VISUAL STUDIO 2012\PROJECTS\WINCOMPORT\WINCOMPORT\DEBUG\WINMAIN.OBJ
C:\USERS\NIKOLAEV S\DOCUMENTS\VISUAL STUDIO 2012\PROJECTS\WINCOMPORT\DEBUG\WINCOMPORT.ILK
C:\USERS\NIKOLAEV S\DOCUMENTS\VISUAL STUDIO 2012\PROJECTS\WINCOMPORT\DEBUG\WINCOMPORT.EXE
C:\USERS\NIKOLAEV S\DOCUMENTS\VISUAL STUDIO 2012\PROJECTS\WINCOMPORT\DEBUG\WINCOMPORT.PDB
C:\Users\Nikolaev S\Documents\Visual Studio 2012\Projects\WinComPort\WinComPort\Debug\WinMain.obj
C:\Users\Nikolaev S\Documents\Visual Studio 2012\Projects\WinComPort\WinComPort\Debug\cl.command.1.tlog
C:\Users\Nikolaev S\Documents\Visual Studio 2012\Projects\WinComPort\WinComPort\Debug\CL.read.1.tlog
C:\Users\Nikolaev S\Documents\Visual Studio 2012\Projects\WinComPort\WinComPort\Debug\CL.write.1.tlog
C:\Users\Nikolaev S\Documents\Visual Studio 2012\Projects\WinComPort\WinComPort\Debug\link-cvtres.read.1.tlog
C:\Users\Nikolaev S\Documents\Visual Studio 2012\Projects\WinComPort\WinComPort\Debug\link-cvtres.write.1.tlog
C:\Users\Nikolaev S\Documents\Visual Studio 2012\Projects\WinComPort\WinComPort\Debug\link-rc.read.1.tlog
C:\Users\Nikolaev S\Documents\Visual Studio 2012\Projects\WinComPort\WinComPort\Debug\link-rc.write.1.tlog
C:\Users\Nikolaev S\Documents\Visual Studio 2012\Projects\WinComPort\WinComPort\Debug\link.command.1.tlog
C:\Users\Nikolaev S\Documents\Visual Studio 2012\Projects\WinComPort\WinComPort\Debug\link.read.1.tlog
C:\Users\Nikolaev S\Documents\Visual Studio 2012\Projects\WinComPort\WinComPort\Debug\link.write.1.tlog
C:\Users\Nikolaev S\Documents\Visual Studio 2012\Projects\WinComPort\WinComPort\Debug\vc110.idb
C:\Users\Nikolaev S\Documents\Visual Studio 2012\Projects\WinComPort\WinComPort\Debug\vc110.pdb
C:\Users\Nikolaev S\Documents\Visual Studio 2012\Projects\WinComPort\Debug\WinComPort.pdb
C:\Users\Nikolaev S\Documents\Visual Studio 2012\Projects\WinComPort\Debug\WinComPort.exe
C:\Users\Nikolaev S\Documents\Visual Studio 2012\Projects\WinComPort\Debug\WinComPort.ilk
