Построение начато 16.06.2015 16:21:17.
     1>Проект "C:\Users\Nikolaev S\documents\visual studio 2012\Projects\WinComPort\WinComPort\WinComPort.vcxproj" в узле 2 (целевые объекты Build).
     1>ClCompile:
         C:\Program Files (x86)\Microsoft Visual Studio 11.0\VC\bin\CL.exe /c /ZI /nologo /W3 /WX- /Od /Oy- /D _MBCS /Gm /EHsc /RTC1 /MDd /GS /fp:precise /Zc:wchar_t /Zc:forScope /Fo"Debug\\" /Fd"Debug\vc110.pdb" /Gd /TP /analyze- /errorReport:prompt WinMain.cpp
         WinMain.cpp
     1>c:\users\nikolaev s\documents\visual studio 2012\projects\wincomport\wincomport\winmain.cpp(71): warning C4101: dwTemp: неиспользованная локальная переменная
     1>c:\users\nikolaev s\documents\visual studio 2012\projects\wincomport\wincomport\winmain.cpp(72): warning C4101: szError: неиспользованная локальная переменная
     1>c:\users\nikolaev s\documents\visual studio 2012\projects\wincomport\wincomport\winmain.cpp(382): warning C4018: <: несоответствие типов со знаком и без знака
     1>c:\users\nikolaev s\documents\visual studio 2012\projects\wincomport\wincomport\winmain.cpp(130): warning C4101: hBuff: неиспользованная локальная переменная
     1>c:\users\nikolaev s\documents\visual studio 2012\projects\wincomport\wincomport\winmain.cpp(426): warning C4101: mask: неиспользованная локальная переменная
     1>c:\users\nikolaev s\documents\visual studio 2012\projects\wincomport\wincomport\winmain.cpp(426): warning C4101: btr: неиспользованная локальная переменная
     1>c:\users\nikolaev s\documents\visual studio 2012\projects\wincomport\wincomport\winmain.cpp(745): warning C4244: инициализация: преобразование "double" в "float", возможна потеря данных
     1>c:\users\nikolaev s\documents\visual studio 2012\projects\wincomport\wincomport\winmain.cpp(748): warning C4996: 'sprintf': This function or variable may be unsafe. Consider using sprintf_s instead. To disable deprecation, use _CRT_SECURE_NO_WARNINGS. See online help for details.
                 c:\program files (x86)\microsoft visual studio 11.0\vc\include\stdio.h(357): см. объявление "sprintf"
       Link:
         C:\Program Files (x86)\Microsoft Visual Studio 11.0\VC\bin\link.exe /ERRORREPORT:PROMPT /OUT:"C:\Users\Nikolaev S\documents\visual studio 2012\Projects\WinComPort\Debug\WinComPort.exe" /INCREMENTAL /NOLOGO kernel32.lib user32.lib gdi32.lib winspool.lib comdlg32.lib advapi32.lib shell32.lib ole32.lib oleaut32.lib uuid.lib odbc32.lib odbccp32.lib /MANIFEST /MANIFESTUAC:"level='asInvoker' uiAccess='false'" /manifest:embed /DEBUG /PDB:"C:\Users\Nikolaev S\documents\visual studio 2012\Projects\WinComPort\Debug\WinComPort.pdb" /TLBID:1 /DYNAMICBASE /NXCOMPAT /IMPLIB:"C:\Users\Nikolaev S\documents\visual studio 2012\Projects\WinComPort\Debug\WinComPort.lib" /MACHINE:X86 Debug\WinMain.obj
         WinComPort.vcxproj -> C:\Users\Nikolaev S\documents\visual studio 2012\Projects\WinComPort\Debug\WinComPort.exe
     1>Построение проекта "C:\Users\Nikolaev S\documents\visual studio 2012\Projects\WinComPort\WinComPort\WinComPort.vcxproj" завершено (целевые объекты Build).

Построение успешно завершено.

Затраченное время: 00:00:01.37
